<?xml version="1.0" encoding="UTF-8"?>
<testng-results skipped="1" failed="0" ignored="0" total="2" passed="1">
  <reporter-output>
  </reporter-output>
  <suite name="Suite" duration-ms="27742" started-at="2018-10-19T01:38:57Z" finished-at="2018-10-19T01:39:24Z">
    <groups>
    </groups>
    <test name="Test" duration-ms="27742" started-at="2018-10-19T01:38:57Z" finished-at="2018-10-19T01:39:24Z">
      <class name="testcases.PlaceOrderTest">
        <test-method status="PASS" signature="init()[pri:0, instance:testcases.PlaceOrderTest@23fe1d71]" name="init" is-config="true" duration-ms="13397" started-at="2018-10-19T01:38:43Z" finished-at="2018-10-19T01:38:57Z">
          <reporter-output>
          </reporter-output>
        </test-method> <!-- init -->
        <test-method status="PASS" signature="placeOrderByCOD()[pri:0, instance:testcases.PlaceOrderTest@23fe1d71]" name="placeOrderByCOD" duration-ms="27667" started-at="2018-10-19T01:38:57Z" description="This test script tests the placing order using COD." finished-at="2018-10-19T01:39:24Z">
          <reporter-output>
          </reporter-output>
        </test-method> <!-- placeOrderByCOD -->
        <test-method status="PASS" signature="getResult(org.testng.ITestResult)[pri:0, instance:testcases.PlaceOrderTest@23fe1d71]" name="getResult" is-config="true" duration-ms="8" started-at="2018-10-19T01:39:24Z" finished-at="2018-10-19T01:39:24Z">
          <params>
            <param index="0">
              <value>
                <![CDATA[[TestResult name=placeOrderByCOD status=SUCCESS method=PlaceOrderTest.placeOrderByCOD()[pri:0, instance:testcases.PlaceOrderTest@23fe1d71] output={null}]]]>
              </value>
            </param>
          </params>
          <reporter-output>
          </reporter-output>
        </test-method> <!-- getResult -->
        <test-method status="SKIP" signature="placeOrderUsingNB()[pri:0, instance:testcases.PlaceOrderTest@23fe1d71]" name="placeOrderUsingNB" duration-ms="3" started-at="2018-10-19T01:39:24Z" finished-at="2018-10-19T01:39:24Z">
          <exception class="org.testng.SkipException">
            <message>
              <![CDATA[Skipping this test case as run mode is not Y]]>
            </message>
            <full-stacktrace>
              <![CDATA[org.testng.SkipException: Skipping this test case as run mode is not Y
at testcases.PlaceOrderTest.placeOrderUsingNB(PlaceOrderTest.java:48)
at sun.reflect.NativeMethodAccessorImpl.invoke0(Native Method)
at sun.reflect.NativeMethodAccessorImpl.invoke(NativeMethodAccessorImpl.java:62)
at sun.reflect.DelegatingMethodAccessorImpl.invoke(DelegatingMethodAccessorImpl.java:43)
at java.lang.reflect.Method.invoke(Method.java:498)
at org.testng.internal.MethodInvocationHelper.invokeMethod(MethodInvocationHelper.java:124)
at org.testng.internal.Invoker.invokeMethod(Invoker.java:583)
at org.testng.internal.Invoker.invokeTestMethod(Invoker.java:719)
at org.testng.internal.Invoker.invokeTestMethods(Invoker.java:989)
at org.testng.internal.TestMethodWorker.invokeTestMethods(TestMethodWorker.java:125)
at org.testng.internal.TestMethodWorker.run(TestMethodWorker.java:109)
at org.testng.TestRunner.privateRun(TestRunner.java:648)
at org.testng.TestRunner.run(TestRunner.java:505)
at org.testng.SuiteRunner.runTest(SuiteRunner.java:455)
at org.testng.SuiteRunner.runSequentially(SuiteRunner.java:450)
at org.testng.SuiteRunner.privateRun(SuiteRunner.java:415)
at org.testng.SuiteRunner.run(SuiteRunner.java:364)
at org.testng.SuiteRunnerWorker.runSuite(SuiteRunnerWorker.java:52)
at org.testng.SuiteRunnerWorker.run(SuiteRunnerWorker.java:84)
at org.testng.TestNG.runSuitesSequentially(TestNG.java:1208)
at org.testng.TestNG.runSuitesLocally(TestNG.java:1137)
at org.testng.TestNG.runSuites(TestNG.java:1049)
at org.testng.TestNG.run(TestNG.java:1017)
at org.testng.remote.AbstractRemoteTestNG.run(AbstractRemoteTestNG.java:114)
at org.testng.remote.RemoteTestNG.initAndRun(RemoteTestNG.java:251)
at org.testng.remote.RemoteTestNG.main(RemoteTestNG.java:77)
]]>
            </full-stacktrace>
          </exception> <!-- org.testng.SkipException -->
          <reporter-output>
          </reporter-output>
        </test-method> <!-- placeOrderUsingNB -->
        <test-method status="PASS" signature="getResult(org.testng.ITestResult)[pri:0, instance:testcases.PlaceOrderTest@23fe1d71]" name="getResult" is-config="true" duration-ms="25" started-at="2018-10-19T01:39:24Z" finished-at="2018-10-19T01:39:24Z">
          <params>
            <param index="0">
              <value>
                <![CDATA[[TestResult name=placeOrderUsingNB status=SKIP method=PlaceOrderTest.placeOrderUsingNB()[pri:0, instance:testcases.PlaceOrderTest@23fe1d71] output={null}]]]>
              </value>
            </param>
          </params>
          <reporter-output>
          </reporter-output>
        </test-method> <!-- getResult -->
        <test-method status="PASS" signature="tearDown()[pri:0, instance:testcases.PlaceOrderTest@23fe1d71]" name="tearDown" is-config="true" duration-ms="5786" started-at="2018-10-19T01:39:25Z" finished-at="2018-10-19T01:39:30Z">
          <reporter-output>
          </reporter-output>
        </test-method> <!-- tearDown -->
      </class> <!-- testcases.PlaceOrderTest -->
    </test> <!-- Test -->
  </suite> <!-- Suite -->
</testng-results>
