<?xml version="1.0" encoding="UTF-8"?>
<testng-results skipped="2" failed="0" ignored="0" total="2" passed="0">
  <reporter-output>
  </reporter-output>
  <suite name="Suite" duration-ms="67" started-at="2018-10-20T00:58:31Z" finished-at="2018-10-20T00:58:31Z">
    <groups>
    </groups>
    <test name="Test" duration-ms="67" started-at="2018-10-20T00:58:31Z" finished-at="2018-10-20T00:58:31Z">
      <class name="testcases.PlaceOrderTest">
        <test-method status="FAIL" signature="init()[pri:0, instance:testcases.PlaceOrderTest@23fe1d71]" name="init" is-config="true" duration-ms="30" started-at="2018-10-20T00:58:31Z" finished-at="2018-10-20T00:58:31Z">
          <exception class="java.io.FileNotFoundException">
            <message>
              <![CDATA[Users/krishnasakinala/git/POM_September2018Batch/POM_September2018Batch/src/main/resources/TestData.xlsx (No such file or directory)]]>
            </message>
            <full-stacktrace>
              <![CDATA[java.io.FileNotFoundException: Users/krishnasakinala/git/POM_September2018Batch/POM_September2018Batch/src/main/resources/TestData.xlsx (No such file or directory)
at java.io.FileInputStream.open0(Native Method)
at java.io.FileInputStream.open(FileInputStream.java:195)
at java.io.FileInputStream.<init>(FileInputStream.java:138)
at java.io.FileInputStream.<init>(FileInputStream.java:93)
at repo.ExcelApiTest.<init>(ExcelApiTest.java:28)
at basetest.BaseTest.init(BaseTest.java:44)
at sun.reflect.NativeMethodAccessorImpl.invoke0(Native Method)
at sun.reflect.NativeMethodAccessorImpl.invoke(NativeMethodAccessorImpl.java:62)
at sun.reflect.DelegatingMethodAccessorImpl.invoke(DelegatingMethodAccessorImpl.java:43)
at java.lang.reflect.Method.invoke(Method.java:498)
at org.testng.internal.MethodInvocationHelper.invokeMethod(MethodInvocationHelper.java:124)
at org.testng.internal.MethodInvocationHelper.invokeMethodConsideringTimeout(MethodInvocationHelper.java:59)
at org.testng.internal.Invoker.invokeConfigurationMethod(Invoker.java:458)
at org.testng.internal.Invoker.invokeConfigurations(Invoker.java:222)
at org.testng.internal.Invoker.invokeConfigurations(Invoker.java:142)
at org.testng.SuiteRunner.privateRun(SuiteRunner.java:401)
at org.testng.SuiteRunner.run(SuiteRunner.java:364)
at org.testng.SuiteRunnerWorker.runSuite(SuiteRunnerWorker.java:52)
at org.testng.SuiteRunnerWorker.run(SuiteRunnerWorker.java:84)
at org.testng.TestNG.runSuitesSequentially(TestNG.java:1208)
at org.testng.TestNG.runSuitesLocally(TestNG.java:1137)
at org.testng.TestNG.runSuites(TestNG.java:1049)
at org.testng.TestNG.run(TestNG.java:1017)
at org.testng.remote.AbstractRemoteTestNG.run(AbstractRemoteTestNG.java:114)
at org.testng.remote.RemoteTestNG.initAndRun(RemoteTestNG.java:251)
at org.testng.remote.RemoteTestNG.main(RemoteTestNG.java:77)
]]>
            </full-stacktrace>
          </exception> <!-- java.io.FileNotFoundException -->
          <reporter-output>
          </reporter-output>
        </test-method> <!-- init -->
        <test-method status="SKIP" signature="placeOrderByCOD()[pri:0, instance:testcases.PlaceOrderTest@23fe1d71]" name="placeOrderByCOD" duration-ms="0" started-at="2018-10-20T00:58:31Z" description="This test script tests the placing order using COD." finished-at="2018-10-20T00:58:31Z">
          <exception class="java.io.FileNotFoundException">
            <message>
              <![CDATA[Users/krishnasakinala/git/POM_September2018Batch/POM_September2018Batch/src/main/resources/TestData.xlsx (No such file or directory)]]>
            </message>
            <full-stacktrace>
              <![CDATA[java.io.FileNotFoundException: Users/krishnasakinala/git/POM_September2018Batch/POM_September2018Batch/src/main/resources/TestData.xlsx (No such file or directory)
at java.io.FileInputStream.open0(Native Method)
at java.io.FileInputStream.open(FileInputStream.java:195)
at java.io.FileInputStream.<init>(FileInputStream.java:138)
at java.io.FileInputStream.<init>(FileInputStream.java:93)
at repo.ExcelApiTest.<init>(ExcelApiTest.java:28)
at basetest.BaseTest.init(BaseTest.java:44)
at sun.reflect.NativeMethodAccessorImpl.invoke0(Native Method)
at sun.reflect.NativeMethodAccessorImpl.invoke(NativeMethodAccessorImpl.java:62)
at sun.reflect.DelegatingMethodAccessorImpl.invoke(DelegatingMethodAccessorImpl.java:43)
at java.lang.reflect.Method.invoke(Method.java:498)
at org.testng.internal.MethodInvocationHelper.invokeMethod(MethodInvocationHelper.java:124)
at org.testng.internal.MethodInvocationHelper.invokeMethodConsideringTimeout(MethodInvocationHelper.java:59)
at org.testng.internal.Invoker.invokeConfigurationMethod(Invoker.java:458)
at org.testng.internal.Invoker.invokeConfigurations(Invoker.java:222)
at org.testng.internal.Invoker.invokeConfigurations(Invoker.java:142)
at org.testng.SuiteRunner.privateRun(SuiteRunner.java:401)
at org.testng.SuiteRunner.run(SuiteRunner.java:364)
at org.testng.SuiteRunnerWorker.runSuite(SuiteRunnerWorker.java:52)
at org.testng.SuiteRunnerWorker.run(SuiteRunnerWorker.java:84)
at org.testng.TestNG.runSuitesSequentially(TestNG.java:1208)
at org.testng.TestNG.runSuitesLocally(TestNG.java:1137)
at org.testng.TestNG.runSuites(TestNG.java:1049)
at org.testng.TestNG.run(TestNG.java:1017)
at org.testng.remote.AbstractRemoteTestNG.run(AbstractRemoteTestNG.java:114)
at org.testng.remote.RemoteTestNG.initAndRun(RemoteTestNG.java:251)
at org.testng.remote.RemoteTestNG.main(RemoteTestNG.java:77)
]]>
            </full-stacktrace>
          </exception> <!-- java.io.FileNotFoundException -->
          <reporter-output>
          </reporter-output>
        </test-method> <!-- placeOrderByCOD -->
        <test-method status="SKIP" signature="getResult(org.testng.ITestResult)[pri:0, instance:testcases.PlaceOrderTest@23fe1d71]" name="getResult" is-config="true" duration-ms="0" started-at="2018-10-20T00:58:31Z" finished-at="2018-10-20T00:58:31Z">
          <reporter-output>
          </reporter-output>
        </test-method> <!-- getResult -->
        <test-method status="SKIP" signature="placeOrderUsingNB()[pri:0, instance:testcases.PlaceOrderTest@23fe1d71]" name="placeOrderUsingNB" duration-ms="0" started-at="2018-10-20T00:58:31Z" finished-at="2018-10-20T00:58:31Z">
          <exception class="java.io.FileNotFoundException">
            <message>
              <![CDATA[Users/krishnasakinala/git/POM_September2018Batch/POM_September2018Batch/src/main/resources/TestData.xlsx (No such file or directory)]]>
            </message>
            <full-stacktrace>
              <![CDATA[java.io.FileNotFoundException: Users/krishnasakinala/git/POM_September2018Batch/POM_September2018Batch/src/main/resources/TestData.xlsx (No such file or directory)
at java.io.FileInputStream.open0(Native Method)
at java.io.FileInputStream.open(FileInputStream.java:195)
at java.io.FileInputStream.<init>(FileInputStream.java:138)
at java.io.FileInputStream.<init>(FileInputStream.java:93)
at repo.ExcelApiTest.<init>(ExcelApiTest.java:28)
at basetest.BaseTest.init(BaseTest.java:44)
at sun.reflect.NativeMethodAccessorImpl.invoke0(Native Method)
at sun.reflect.NativeMethodAccessorImpl.invoke(NativeMethodAccessorImpl.java:62)
at sun.reflect.DelegatingMethodAccessorImpl.invoke(DelegatingMethodAccessorImpl.java:43)
at java.lang.reflect.Method.invoke(Method.java:498)
at org.testng.internal.MethodInvocationHelper.invokeMethod(MethodInvocationHelper.java:124)
at org.testng.internal.MethodInvocationHelper.invokeMethodConsideringTimeout(MethodInvocationHelper.java:59)
at org.testng.internal.Invoker.invokeConfigurationMethod(Invoker.java:458)
at org.testng.internal.Invoker.invokeConfigurations(Invoker.java:222)
at org.testng.internal.Invoker.invokeConfigurations(Invoker.java:142)
at org.testng.SuiteRunner.privateRun(SuiteRunner.java:401)
at org.testng.SuiteRunner.run(SuiteRunner.java:364)
at org.testng.SuiteRunnerWorker.runSuite(SuiteRunnerWorker.java:52)
at org.testng.SuiteRunnerWorker.run(SuiteRunnerWorker.java:84)
at org.testng.TestNG.runSuitesSequentially(TestNG.java:1208)
at org.testng.TestNG.runSuitesLocally(TestNG.java:1137)
at org.testng.TestNG.runSuites(TestNG.java:1049)
at org.testng.TestNG.run(TestNG.java:1017)
at org.testng.remote.AbstractRemoteTestNG.run(AbstractRemoteTestNG.java:114)
at org.testng.remote.RemoteTestNG.initAndRun(RemoteTestNG.java:251)
at org.testng.remote.RemoteTestNG.main(RemoteTestNG.java:77)
]]>
            </full-stacktrace>
          </exception> <!-- java.io.FileNotFoundException -->
          <reporter-output>
          </reporter-output>
        </test-method> <!-- placeOrderUsingNB -->
        <test-method status="SKIP" signature="getResult(org.testng.ITestResult)[pri:0, instance:testcases.PlaceOrderTest@23fe1d71]" name="getResult" is-config="true" duration-ms="0" started-at="2018-10-20T00:58:31Z" finished-at="2018-10-20T00:58:31Z">
          <reporter-output>
          </reporter-output>
        </test-method> <!-- getResult -->
        <test-method status="SKIP" signature="tearDown()[pri:0, instance:testcases.PlaceOrderTest@23fe1d71]" name="tearDown" is-config="true" duration-ms="0" started-at="2018-10-20T00:58:32Z" finished-at="2018-10-20T00:58:32Z">
          <reporter-output>
          </reporter-output>
        </test-method> <!-- tearDown -->
      </class> <!-- testcases.PlaceOrderTest -->
    </test> <!-- Test -->
  </suite> <!-- Suite -->
</testng-results>
