<?xml version="1.0" encoding="UTF-8"?>
<!-- Generated by org.testng.reporters.JUnitXMLReporter -->
<testsuite hostname="Krishnas-MacBook-Pro.local" ignored="0" name="Test" tests="2" failures="0" timestamp="19 Oct 2018 01:39:25 GMT" time="27.742" errors="0">
  <testcase name="placeOrderByCOD" time="27.667" classname="testcases.PlaceOrderTest"/>
  <testcase name="placeOrderUsingNB" time="0.003" classname="testcases.PlaceOrderTest">
    <skipped/>
  </testcase> <!-- placeOrderUsingNB -->
</testsuite> <!-- Test -->
